{
  "total_tests": 12,
  "passed": 9,
  "failed": 3,
  "errors": [
    {
      "test": "Projects: Проекты отображаются",
      "error": "Ни карточки, ни таблица не найдены"
    },
    {
      "test": "Projects: Кнопка создания",
      "error": "Message: no such element: Unable to locate element: {\"method\":\"xpath\",\"selector\":\"//button[contains(., 'Создать') or contains(., 'создать') or contains(., 'Новый')]\"}\n  (Session info: chrome=142.0.7444.60); For documentation on this error, please visit: https://www.selenium.dev/documentation/webdriver/troubleshooting/errors#nosuchelementexception\nStacktrace:\n0   chromedriver                        0x00000001048ab3d8 cxxbridge1$str$ptr + 2941356\n1   chromedriver                        0x00000001048a3094 cxxbridge1$str$ptr + 2907752\n2   chromedriver                        0x00000001043ba2c4 _RNvCsgXDX2mvAJAg_7___rustc35___rust_no_alloc_shim_is_unstable_v2 + 74028\n3   chromedriver                        0x00000001044018b4 _RNvCsgXDX2mvAJAg_7___rustc35___rust_no_alloc_shim_is_unstable_v2 + 366364\n4   chromedriver                        0x0000000104442d84 _RNvCsgXDX2mvAJAg_7___rustc35___rust_no_alloc_shim_is_unstable_v2 + 633836\n5   chromedriver                        0x00000001043f5f18 _RNvCsgXDX2mvAJAg_7___rustc35___rust_no_alloc_shim_is_unstable_v2 + 318848\n6   chromedriver                        0x000000010486d81c cxxbridge1$str$ptr + 2688496\n7   chromedriver                        0x0000000104871038 cxxbridge1$str$ptr + 2702860\n8   chromedriver                        0x000000010484e634 cxxbridge1$str$ptr + 2561032\n9   chromedriver                        0x0000000104871910 cxxbridge1$str$ptr + 2705124\n10  chromedriver                        0x000000010483fed4 cxxbridge1$str$ptr + 2501800\n11  chromedriver                        0x0000000104891a40 cxxbridge1$str$ptr + 2836500\n12  chromedriver                        0x0000000104891bc4 cxxbridge1$str$ptr + 2836888\n13  chromedriver                        0x00000001048a2ce4 cxxbridge1$str$ptr + 2906808\n14  libsystem_pthread.dylib             0x000000019fd16c0c _pthread_start + 136\n15  libsystem_pthread.dylib             0x000000019fd11b80 thread_start + 8\n"
    },
    {
      "test": "MyTasks: Колонки",
      "error": "Найдено только 0 заголовков и 1 колонок"
    }
  ],
  "pages_tested": {
    "dashboard": {
      "tests": [
        {
          "name": "Загрузка страницы",
          "status": "PASSED"
        },
        {
          "name": "Виджеты статистики",
          "status": "PASSED"
        }
      ],
      "status": "PASSED"
    },
    "projects": {
      "tests": [
        {
          "name": "Отображение проектов",
          "status": "FAILED"
        },
        {
          "name": "Кнопка создания",
          "status": "FAILED"
        }
      ],
      "status": "FAILED"
    },
    "tasks": {
      "tests": [
        {
          "name": "Канбан доска загружена",
          "status": "PASSED"
        },
        {
          "name": "Кнопка создания задачи",
          "status": "PASSED"
        },
        {
          "name": "Поле поиска",
          "status": "PASSED"
        }
      ],
      "status": "PASSED"
    },
    "my_tasks": {
      "tests": [
        {
          "name": "Колонки статусов",
          "status": "FAILED"
        }
      ],
      "status": "FAILED"
    }
  }
}